C:\USERS\LOUIS\DOCUMENTS\GITHUB\STEERINGBEHAVIOR_AI\DEBUG\STEERING.BSC
C:\USERS\LOUIS\DOCUMENTS\GITHUB\STEERINGBEHAVIOR_AI\DEBUG\VEHICLE.SBR
C:\USERS\LOUIS\DOCUMENTS\GITHUB\STEERINGBEHAVIOR_AI\DEBUG\PRECISIONTIMER.SBR
C:\USERS\LOUIS\DOCUMENTS\GITHUB\STEERINGBEHAVIOR_AI\DEBUG\STEERINGBEHAVIORS.SBR
C:\USERS\LOUIS\DOCUMENTS\GITHUB\STEERINGBEHAVIOR_AI\DEBUG\PATH.SBR
C:\USERS\LOUIS\DOCUMENTS\GITHUB\STEERINGBEHAVIOR_AI\DEBUG\PARAMLOADER.SBR
C:\USERS\LOUIS\DOCUMENTS\GITHUB\STEERINGBEHAVIOR_AI\DEBUG\OBSTACLE.SBR
C:\USERS\LOUIS\DOCUMENTS\GITHUB\STEERINGBEHAVIOR_AI\DEBUG\WINDOWUTILS.SBR
C:\USERS\LOUIS\DOCUMENTS\GITHUB\STEERINGBEHAVIOR_AI\DEBUG\INIFILELOADERBASE.SBR
C:\USERS\LOUIS\DOCUMENTS\GITHUB\STEERINGBEHAVIOR_AI\DEBUG\CGDI.SBR
C:\USERS\LOUIS\DOCUMENTS\GITHUB\STEERINGBEHAVIOR_AI\DEBUG\MAIN.SBR
C:\USERS\LOUIS\DOCUMENTS\GITHUB\STEERINGBEHAVIOR_AI\DEBUG\LEADER.SBR
C:\USERS\LOUIS\DOCUMENTS\GITHUB\STEERINGBEHAVIOR_AI\DEBUG\GAMEWORLD.SBR
C:\USERS\LOUIS\DOCUMENTS\GITHUB\STEERINGBEHAVIOR_AI\DEBUG\VECTOR2D.SBR
C:\USERS\LOUIS\DOCUMENTS\GITHUB\STEERINGBEHAVIOR_AI\DEBUG\VECTOR2D.OBJ
C:\USERS\LOUIS\DOCUMENTS\GITHUB\STEERINGBEHAVIOR_AI\DEBUG\GAMEWORLD.OBJ
C:\USERS\LOUIS\DOCUMENTS\GITHUB\STEERINGBEHAVIOR_AI\DEBUG\LEADER.OBJ
C:\USERS\LOUIS\DOCUMENTS\GITHUB\STEERINGBEHAVIOR_AI\DEBUG\MAIN.OBJ
C:\USERS\LOUIS\DOCUMENTS\GITHUB\STEERINGBEHAVIOR_AI\DEBUG\CGDI.OBJ
C:\USERS\LOUIS\DOCUMENTS\GITHUB\STEERINGBEHAVIOR_AI\DEBUG\INIFILELOADERBASE.OBJ
C:\USERS\LOUIS\DOCUMENTS\GITHUB\STEERINGBEHAVIOR_AI\DEBUG\WINDOWUTILS.OBJ
C:\USERS\LOUIS\DOCUMENTS\GITHUB\STEERINGBEHAVIOR_AI\DEBUG\OBSTACLE.OBJ
C:\USERS\LOUIS\DOCUMENTS\GITHUB\STEERINGBEHAVIOR_AI\DEBUG\PARAMLOADER.OBJ
C:\USERS\LOUIS\DOCUMENTS\GITHUB\STEERINGBEHAVIOR_AI\DEBUG\PATH.OBJ
C:\USERS\LOUIS\DOCUMENTS\GITHUB\STEERINGBEHAVIOR_AI\DEBUG\STEERINGBEHAVIORS.OBJ
C:\USERS\LOUIS\DOCUMENTS\GITHUB\STEERINGBEHAVIOR_AI\DEBUG\PRECISIONTIMER.OBJ
C:\USERS\LOUIS\DOCUMENTS\GITHUB\STEERINGBEHAVIOR_AI\DEBUG\VEHICLE.OBJ
C:\USERS\LOUIS\DOCUMENTS\GITHUB\STEERINGBEHAVIOR_AI\DEBUG\VC110.PDB
C:\USERS\LOUIS\DOCUMENTS\GITHUB\STEERINGBEHAVIOR_AI\DEBUG\STEERING.ILK
C:\USERS\LOUIS\DOCUMENTS\GITHUB\STEERINGBEHAVIOR_AI\DEBUG\STEERING.EXE
C:\USERS\LOUIS\DOCUMENTS\GITHUB\STEERINGBEHAVIOR_AI\DEBUG\STEERING.PDB
C:\USERS\LOUIS\DOCUMENTS\GITHUB\STEERINGBEHAVIOR_AI\DEBUG\SCRIPT1.RES
C:\Users\louis\Documents\GitHub\SteeringBehavior_AI\Debug\Cgdi.obj
C:\Users\louis\Documents\GitHub\SteeringBehavior_AI\Debug\GameWorld.obj
C:\Users\louis\Documents\GitHub\SteeringBehavior_AI\Debug\iniFileLoaderBase.obj
C:\Users\louis\Documents\GitHub\SteeringBehavior_AI\Debug\Leader.obj
C:\Users\louis\Documents\GitHub\SteeringBehavior_AI\Debug\main.obj
C:\Users\louis\Documents\GitHub\SteeringBehavior_AI\Debug\Obstacle.obj
C:\Users\louis\Documents\GitHub\SteeringBehavior_AI\Debug\ParamLoader.obj
C:\Users\louis\Documents\GitHub\SteeringBehavior_AI\Debug\Path.obj
C:\Users\louis\Documents\GitHub\SteeringBehavior_AI\Debug\PrecisionTimer.obj
C:\Users\louis\Documents\GitHub\SteeringBehavior_AI\Debug\SteeringBehaviors.obj
C:\Users\louis\Documents\GitHub\SteeringBehavior_AI\Debug\Vector2d.obj
C:\Users\louis\Documents\GitHub\SteeringBehavior_AI\Debug\Vehicle.obj
C:\Users\louis\Documents\GitHub\SteeringBehavior_AI\Debug\WindowUtils.obj
C:\Users\louis\Documents\GitHub\SteeringBehavior_AI\Debug\Steering.ilk
C:\Users\louis\Documents\GitHub\SteeringBehavior_AI\Debug\BscMake.command.1.tlog
C:\Users\louis\Documents\GitHub\SteeringBehavior_AI\Debug\bscmake.read.1.tlog
C:\Users\louis\Documents\GitHub\SteeringBehavior_AI\Debug\bscmake.write.1.tlog
C:\Users\louis\Documents\GitHub\SteeringBehavior_AI\Debug\cl.command.1.tlog
C:\Users\louis\Documents\GitHub\SteeringBehavior_AI\Debug\CL.read.1.tlog
C:\Users\louis\Documents\GitHub\SteeringBehavior_AI\Debug\CL.write.1.tlog
C:\Users\louis\Documents\GitHub\SteeringBehavior_AI\Debug\link-cvtres.read.1.tlog
C:\Users\louis\Documents\GitHub\SteeringBehavior_AI\Debug\link-cvtres.write.1.tlog
C:\Users\louis\Documents\GitHub\SteeringBehavior_AI\Debug\link-rc.read.1.tlog
C:\Users\louis\Documents\GitHub\SteeringBehavior_AI\Debug\link-rc.write.1.tlog
C:\Users\louis\Documents\GitHub\SteeringBehavior_AI\Debug\link.10812-cvtres.read.1.tlog
C:\Users\louis\Documents\GitHub\SteeringBehavior_AI\Debug\link.10812-cvtres.write.1.tlog
C:\Users\louis\Documents\GitHub\SteeringBehavior_AI\Debug\link.10812-rc.read.1.tlog
C:\Users\louis\Documents\GitHub\SteeringBehavior_AI\Debug\link.10812-rc.write.1.tlog
C:\Users\louis\Documents\GitHub\SteeringBehavior_AI\Debug\link.10812.read.1.tlog
C:\Users\louis\Documents\GitHub\SteeringBehavior_AI\Debug\link.10812.write.1.tlog
C:\Users\louis\Documents\GitHub\SteeringBehavior_AI\Debug\link.10824-cvtres.read.1.tlog
C:\Users\louis\Documents\GitHub\SteeringBehavior_AI\Debug\link.10824-cvtres.write.1.tlog
C:\Users\louis\Documents\GitHub\SteeringBehavior_AI\Debug\link.10824-rc.read.1.tlog
C:\Users\louis\Documents\GitHub\SteeringBehavior_AI\Debug\link.10824-rc.write.1.tlog
C:\Users\louis\Documents\GitHub\SteeringBehavior_AI\Debug\link.10824.read.1.tlog
C:\Users\louis\Documents\GitHub\SteeringBehavior_AI\Debug\link.10824.write.1.tlog
C:\Users\louis\Documents\GitHub\SteeringBehavior_AI\Debug\link.12764-cvtres.read.1.tlog
C:\Users\louis\Documents\GitHub\SteeringBehavior_AI\Debug\link.12764-cvtres.write.1.tlog
C:\Users\louis\Documents\GitHub\SteeringBehavior_AI\Debug\link.12764-rc.read.1.tlog
C:\Users\louis\Documents\GitHub\SteeringBehavior_AI\Debug\link.12764-rc.write.1.tlog
C:\Users\louis\Documents\GitHub\SteeringBehavior_AI\Debug\link.12764.read.1.tlog
C:\Users\louis\Documents\GitHub\SteeringBehavior_AI\Debug\link.12764.write.1.tlog
C:\Users\louis\Documents\GitHub\SteeringBehavior_AI\Debug\link.7268-cvtres.read.1.tlog
C:\Users\louis\Documents\GitHub\SteeringBehavior_AI\Debug\link.7268-cvtres.write.1.tlog
C:\Users\louis\Documents\GitHub\SteeringBehavior_AI\Debug\link.7268-rc.read.1.tlog
C:\Users\louis\Documents\GitHub\SteeringBehavior_AI\Debug\link.7268-rc.write.1.tlog
C:\Users\louis\Documents\GitHub\SteeringBehavior_AI\Debug\link.7268.read.1.tlog
C:\Users\louis\Documents\GitHub\SteeringBehavior_AI\Debug\link.7268.write.1.tlog
C:\Users\louis\Documents\GitHub\SteeringBehavior_AI\Debug\link.command.1.tlog
C:\Users\louis\Documents\GitHub\SteeringBehavior_AI\Debug\link.read.1.tlog
C:\Users\louis\Documents\GitHub\SteeringBehavior_AI\Debug\link.write.1.tlog
C:\Users\louis\Documents\GitHub\SteeringBehavior_AI\Debug\rc.command.1.tlog
C:\Users\louis\Documents\GitHub\SteeringBehavior_AI\Debug\rc.read.1.tlog
C:\Users\louis\Documents\GitHub\SteeringBehavior_AI\Debug\rc.write.1.tlog
C:\Users\louis\Documents\GitHub\SteeringBehavior_AI\Debug\Script1.res
C:\Users\louis\Documents\GitHub\SteeringBehavior_AI\Debug\vc110.idb
C:\Users\louis\Documents\GitHub\SteeringBehavior_AI\Debug\Steering.pdb
C:\Users\louis\Documents\GitHub\SteeringBehavior_AI\Debug\vc110.pdb
C:\Users\louis\Documents\GitHub\SteeringBehavior_AI\Debug\Steering.bsc
C:\Users\louis\Documents\GitHub\SteeringBehavior_AI\Debug\Cgdi.sbr
C:\Users\louis\Documents\GitHub\SteeringBehavior_AI\Debug\GameWorld.sbr
C:\Users\louis\Documents\GitHub\SteeringBehavior_AI\Debug\iniFileLoaderBase.sbr
C:\Users\louis\Documents\GitHub\SteeringBehavior_AI\Debug\Leader.sbr
C:\Users\louis\Documents\GitHub\SteeringBehavior_AI\Debug\main.sbr
C:\Users\louis\Documents\GitHub\SteeringBehavior_AI\Debug\Obstacle.sbr
C:\Users\louis\Documents\GitHub\SteeringBehavior_AI\Debug\ParamLoader.sbr
C:\Users\louis\Documents\GitHub\SteeringBehavior_AI\Debug\Path.sbr
C:\Users\louis\Documents\GitHub\SteeringBehavior_AI\Debug\PrecisionTimer.sbr
C:\Users\louis\Documents\GitHub\SteeringBehavior_AI\Debug\SteeringBehaviors.sbr
C:\Users\louis\Documents\GitHub\SteeringBehavior_AI\Debug\Vector2d.sbr
C:\Users\louis\Documents\GitHub\SteeringBehavior_AI\Debug\Vehicle.sbr
C:\Users\louis\Documents\GitHub\SteeringBehavior_AI\Debug\WindowUtils.sbr
C:\Users\louis\Documents\GitHub\SteeringBehavior_AI\.\Debug\Steering.exe
