La génération a démarré 24/10/2017 17:31:27.
     1>Projet "C:\Users\louis\Documents\GitHub\SteeringBehavior_AI\Steering.vcxproj" sur le nœud 2 (Build cible(s)).
       Le fichier projet contient ToolsVersion="15.0". Cet ensemble d'outils est peut-être inconnu ou manquant. Dans ce cas, vous pouvez résoudre le problème en installant la version appropriée de MSBuild. Sinon, il est possible que la build ait été forcée vers un ToolsVersion spécifique pour des raisons liées à une stratégie. Projet traité comme si ToolsVersion="4.0". Pour plus d'informations, consultez http://go.microsoft.com/fwlink/?LinkId=291333.
     1>ClCompile:
         C:\Program Files (x86)\Microsoft Visual Studio 11.0\VC\bin\CL.exe /c /ZI /nologo /W3 /WX- /Od /Oy- /D WIN32 /D _DEBUG /D _WINDOWS /D _VC80_UPGRADE=0x0600 /D _MBCS /Gm /EHsc /RTC1 /MTd /GS /fp:precise /Zc:wchar_t /Zc:forScope /GR /Fo".\Debug/" /Fd".\Debug/vc110.pdb" /FR".\Debug\\" /Gd /TP /analyze- /errorReport:prompt SteeringBehaviors.cpp
         SteeringBehaviors.cpp
       Link:
         C:\Program Files (x86)\Microsoft Visual Studio 11.0\VC\bin\link.exe /ERRORREPORT:PROMPT /OUT:".\Debug/Steering.exe" /INCREMENTAL /NOLOGO kernel32.lib user32.lib gdi32.lib winspool.lib comdlg32.lib advapi32.lib shell32.lib ole32.lib oleaut32.lib uuid.lib odbc32.lib odbccp32.lib /MANIFEST /MANIFESTUAC:"level='asInvoker' uiAccess='false'" /manifest:embed /DEBUG /PDB:".\Debug/Steering.pdb" /SUBSYSTEM:WINDOWS /TLBID:1 /DYNAMICBASE:NO /IMPLIB:".\Debug\Steering.lib" /MACHINE:X86 /SAFESEH .\Debug\Script1.res
         .\Debug/Vector2d.obj
         .\Debug/GameWorld.obj
         .\Debug/Leader.obj
         .\Debug/main.obj
         .\Debug/Cgdi.obj
         .\Debug/iniFileLoaderBase.obj
         .\Debug/WindowUtils.obj
         .\Debug/Obstacle.obj
         .\Debug/ParamLoader.obj
         .\Debug/Path.obj
         .\Debug/SteeringBehaviors.obj
         .\Debug/PrecisionTimer.obj
         .\Debug/Vehicle.obj
         Steering.vcxproj -> C:\Users\louis\Documents\GitHub\SteeringBehavior_AI\.\Debug\Steering.exe
       BscMake:
         C:\Program Files (x86)\Microsoft Visual Studio 11.0\VC\bin\bscmake.exe /nologo /o".\Debug/Steering.bsc" .\Debug\Vector2d.sbr .\Debug\GameWorld.sbr .\Debug\Leader.sbr .\Debug\main.sbr .\Debug\Cgdi.sbr .\Debug\iniFileLoaderBase.sbr .\Debug\WindowUtils.sbr .\Debug\Obstacle.sbr .\Debug\ParamLoader.sbr .\Debug\Path.sbr .\Debug\SteeringBehaviors.sbr .\Debug\PrecisionTimer.sbr .\Debug\Vehicle.sbr
     1>Génération du projet "C:\Users\louis\Documents\GitHub\SteeringBehavior_AI\Steering.vcxproj" terminée (Build cible(s)).

La génération a réussi.

Temps écoulé 00:00:04.02
